BEGIN;
BEGIN
create or replace view revenue6 (supplier_no, total_revenue) as
	select
		l_suppkey,
		sum(l_extendedprice * (1 - l_discount))
	from
		lineitem
	where
		l_shipdate >= '1993-07-01'
		and l_shipdate < date'1993-07-01' + interval '90 days'
	group by
		l_suppkey;
CREATE VIEW
EXPLAIN
select
	s_suppkey,
	s_name,
	s_address,
	s_phone,
	total_revenue
from
	supplier,
	revenue6
where
	s_suppkey = supplier_no
	and total_revenue = (
		select
			max(total_revenue)
		from
			revenue6
	)
order by
	s_suppkey;
                                                                                                        QUERY PLAN                                                                                                         
---------------------------------------------------------------------------------------------------------------------------------------------------------------------------------------------------------------------------
 Remote Subquery Scan on all (datanode_4_1)  (cost=23561922.37..23631863.74 rows=37325 width=79)
   ->  Merge Join  (cost=23561922.37..23631863.74 rows=37325 width=79)
         Merge Cond: (supplier.s_suppkey = revenue6.supplier_no)
         InitPlan 1 (returns $0)
           ->  Aggregate  (cost=11695379.56..11695379.57 rows=1 width=8)
                 ->  HashAggregate  (cost=11694539.75..11694913.00 rows=37325 width=12)
                       Group Key: lineitem_1.l_suppkey
                       ->  Remote Subquery Scan on all (datanode_1_1,datanode_2_1,datanode_3_1,datanode_4_1,datanode_5_1,datanode_6_1,datanode_7_1,datanode_8_1)  (cost=476209.32..11470101.58 rows=22443817 width=12)
                             ->  HashAggregate  (cost=476209.32..11470101.58 rows=37325 width=12)
                                   Group Key: lineitem_1.l_suppkey
                                   ->  Bitmap Heap Scan on lineitem lineitem_1  (cost=476209.32..11470101.58 rows=22443817 width=12)
                                         Recheck Cond: ((l_shipdate >= '1993-07-01'::date) AND (l_shipdate < '1993-09-29 00:00:00'::timestamp without time zone))
                                         ->  Bitmap Index Scan on lineitem_l_shipdate_l_suppkey__idx  (cost=0.00..470598.37 rows=22443817 width=0)
                                               Index Cond: ((l_shipdate >= '1993-07-01'::date) AND (l_shipdate < '1993-09-29 00:00:00'::timestamp without time zone))
         ->  Index Scan using pk_supplier on supplier  (cost=0.17..66881.67 rows=1000000 width=71)
         ->  Sort  (cost=11866542.62..11866635.94 rows=37325 width=12)
               Sort Key: revenue6.supplier_no
               ->  Subquery Scan on revenue6  (cost=11862868.38..11863708.19 rows=37325 width=12)
                     ->  HashAggregate  (cost=11862868.38..11863334.94 rows=37325 width=12)
                           Group Key: lineitem.l_suppkey
                           Filter: (sum((sum((lineitem.l_extendedprice * ('1'::double precision - lineitem.l_discount))))) = $0)
                           ->  Remote Subquery Scan on all (datanode_1_1,datanode_2_1,datanode_3_1,datanode_4_1,datanode_5_1,datanode_6_1,datanode_7_1,datanode_8_1)  (cost=476209.32..11470101.58 rows=22443817 width=12)
                                 ->  HashAggregate  (cost=476209.32..11470101.58 rows=37325 width=12)
                                       Group Key: lineitem.l_suppkey
                                       ->  Bitmap Heap Scan on lineitem  (cost=476209.32..11470101.58 rows=22443817 width=12)
                                             Recheck Cond: ((l_shipdate >= '1993-07-01'::date) AND (l_shipdate < '1993-09-29 00:00:00'::timestamp without time zone))
                                             ->  Bitmap Index Scan on lineitem_l_shipdate_l_suppkey__idx  (cost=0.00..470598.37 rows=22443817 width=0)
                                                   Index Cond: ((l_shipdate >= '1993-07-01'::date) AND (l_shipdate < '1993-09-29 00:00:00'::timestamp without time zone))
(28 rows)

drop view revenue6;
DROP VIEW
COMMIT;
COMMIT
