BEGIN;
BEGIN
EXPLAIN
select
	sum(l_extendedprice* (1 - l_discount)) as revenue
from
	lineitem,
	part
where
	(
		p_partkey = l_partkey
		and p_brand = 'Brand#45'
		and p_container in ('SM CASE', 'SM BOX', 'SM PACK', 'SM PKG')
		and l_quantity >= 5 and l_quantity <= 5+10
		and p_size between 1 and 5
		and l_shipmode in ('AIR', 'AIR REG')
		and l_shipinstruct = 'DELIVER IN PERSON'
	)
	or
	(
		p_partkey = l_partkey
		and p_brand = 'Brand#51'
		and p_container in ('MED BAG', 'MED BOX', 'MED PKG', 'MED PACK')
		and l_quantity >= 17 and l_quantity <= 17+10
		and p_size between 1 and 10
		and l_shipmode in ('AIR', 'AIR REG')
		and l_shipinstruct = 'DELIVER IN PERSON'
	)
	or
	(
		p_partkey = l_partkey
		and p_brand = 'Brand#43'
		and p_container in ('LG CASE', 'LG BOX', 'LG PACK', 'LG PKG')
		and l_quantity >= 22 and l_quantity <= 22+10
		and p_size between 1 and 15
		and l_shipmode in ('AIR', 'AIR REG')
		and l_shipinstruct = 'DELIVER IN PERSON'
	);
                                                                                                                                                                                                                                                                                                                                                                                                                                                                                                                                               QUERY PLAN                                                                                                                                                                                                                                                                                                                                                                                                                                                                                                                                                
---------------------------------------------------------------------------------------------------------------------------------------------------------------------------------------------------------------------------------------------------------------------------------------------------------------------------------------------------------------------------------------------------------------------------------------------------------------------------------------------------------------------------------------------------------------------------------------------------------------------------------------------------------------------------------------------------------------------------------------------------------------------------------------------------------------------------------------------------------------------------------------------------------------------------------------------------------------------------------------------------------------------------------------------------------------------------------------------------------
 Aggregate  (cost=971028.31..971028.32 rows=1 width=8)
   ->  Remote Subquery Scan on all (datanode_1_1,datanode_2_1,datanode_3_1,datanode_4_1,datanode_5_1,datanode_6_1,datanode_7_1,datanode_8_1)  (cost=133898.49..971015.17 rows=1752 width=8)
         ->  Aggregate  (cost=133898.49..971015.17 rows=1 width=8)
               ->  Nested Loop  (cost=133898.49..971015.17 rows=1752 width=8)
                     ->  Bitmap Heap Scan on part  (cost=133898.29..375266.98 rows=47863 width=30)
                           Recheck Cond: (((p_container = ANY ('{"SM CASE","SM BOX","SM PACK","SM PKG"}'::bpchar[])) AND (p_brand = 'Brand#45'::bpchar) AND (p_size <= 5) AND (p_size >= 1)) OR ((p_container = ANY ('{"MED BAG","MED BOX","MED PKG","MED PACK"}'::bpchar[])) AND (p_brand = 'Brand#51'::bpchar) AND (p_size <= 10) AND (p_size >= 1)) OR ((p_container = ANY ('{"LG CASE","LG BOX","LG PACK","LG PKG"}'::bpchar[])) AND (p_brand = 'Brand#43'::bpchar)))
                           Filter: ((p_size >= 1) AND (((p_brand = 'Brand#45'::bpchar) AND (p_container = ANY ('{"SM CASE","SM BOX","SM PACK","SM PKG"}'::bpchar[])) AND (p_size <= 5)) OR ((p_brand = 'Brand#51'::bpchar) AND (p_container = ANY ('{"MED BAG","MED BOX","MED PKG","MED PACK"}'::bpchar[])) AND (p_size <= 10)) OR ((p_brand = 'Brand#43'::bpchar) AND (p_container = ANY ('{"LG CASE","LG BOX","LG PACK","LG PKG"}'::bpchar[])) AND (p_size <= 15))))
                           ->  BitmapOr  (cost=133898.29..133898.29 rows=104089 width=0)
                                 ->  BitmapAnd  (cost=44618.13..44618.13 rows=7973 width=0)
                                       ->  Bitmap Index Scan on part_p_container_p_brand_p_partkey_idx  (cost=0.00..2752.03 rows=79928 width=0)
                                             Index Cond: ((p_container = ANY ('{"SM CASE","SM BOX","SM PACK","SM PKG"}'::bpchar[])) AND (p_brand = 'Brand#45'::bpchar))
                                       ->  Bitmap Index Scan on part_p_size_idx  (cost=0.00..41841.92 rows=1994973 width=0)
                                             Index Cond: ((p_size <= 5) AND (p_size >= 1))
                                 ->  BitmapAnd  (cost=86513.16..86513.16 rows=15914 width=0)
                                       ->  Bitmap Index Scan on part_p_container_p_brand_p_partkey_idx  (cost=0.00..2733.75 rows=79699 width=0)
                                             Index Cond: ((p_container = ANY ('{"MED BAG","MED BOX","MED PKG","MED PACK"}'::bpchar[])) AND (p_brand = 'Brand#51'::bpchar))
                                       ->  Bitmap Index Scan on part_p_size_idx  (cost=0.00..83755.23 rows=3993504 width=0)
                                             Index Cond: ((p_size <= 10) AND (p_size >= 1))
                                 ->  Bitmap Index Scan on part_p_container_p_brand_p_partkey_idx  (cost=0.00..2754.79 rows=80203 width=0)
                                       Index Cond: ((p_container = ANY ('{"LG CASE","LG BOX","LG PACK","LG PKG"}'::bpchar[])) AND (p_brand = 'Brand#43'::bpchar))
                     ->  Materialize  (cost=100.20..112.46 rows=1 width=16)
                           ->  Remote Subquery Scan on all (datanode_1_1,datanode_2_1,datanode_3_1,datanode_4_1,datanode_5_1,datanode_6_1,datanode_7_1,datanode_8_1)  (cost=100.20..112.46 rows=1 width=16)
                                 Distribute results by H: l_partkey
                                 ->  Index Scan using lineitem_l_partkey_l_quantity_l_shipmode_idx on lineitem  (cost=0.20..12.44 rows=1 width=16)
                                       Index Cond: ((l_partkey = part.p_partkey) AND (l_shipmode = ANY ('{AIR,"AIR REG"}'::bpchar[])))
                                       Filter: ((l_shipinstruct = 'DELIVER IN PERSON'::bpchar) AND (((l_quantity >= '5'::double precision) AND (l_quantity <= '15'::double precision)) OR ((l_quantity >= '17'::double precision) AND (l_quantity <= '27'::double precision)) OR ((l_quantity >= '22'::double precision) AND (l_quantity <= '32'::double precision))) AND (((part.p_brand = 'Brand#45'::bpchar) AND (part.p_container = ANY ('{"SM CASE","SM BOX","SM PACK","SM PKG"}'::bpchar[])) AND (l_quantity >= '5'::double precision) AND (l_quantity <= '15'::double precision) AND (part.p_size <= 5)) OR ((part.p_brand = 'Brand#51'::bpchar) AND (part.p_container = ANY ('{"MED BAG","MED BOX","MED PKG","MED PACK"}'::bpchar[])) AND (l_quantity >= '17'::double precision) AND (l_quantity <= '27'::double precision) AND (part.p_size <= 10)) OR ((part.p_brand = 'Brand#43'::bpchar) AND (part.p_container = ANY ('{"LG CASE","LG BOX","LG PACK","LG PKG"}'::bpchar[])) AND (l_quantity >= '22'::double precision) AND (l_quantity <= '32'::double precision) AND (part.p_size <= 15))))
(26 rows)

COMMIT;
COMMIT
