BEGIN;
BEGIN
EXPLAIN
select
	supp_nation,
	cust_nation,
	l_year,
	sum(volume) as revenue
from
	(
		select
			n1.n_name as supp_nation,
			n2.n_name as cust_nation,
			extract(year from l_shipdate) as l_year,
			l_extendedprice * (1 - l_discount) as volume
		from
			supplier,
			lineitem,
			orders,
			customer,
			nation n1,
			nation n2
		where
			s_suppkey = l_suppkey
			and o_orderkey = l_orderkey
			and c_custkey = o_custkey
			and s_nationkey = n1.n_nationkey
			and c_nationkey = n2.n_nationkey
			and (
				(n1.n_name = 'KENYA' and n2.n_name = 'PERU')
				or (n1.n_name = 'PERU' and n2.n_name = 'KENYA')
			)
			and l_shipdate between date '1995-01-01' and date '1996-12-31'
	) as shipping
group by
	supp_nation,
	cust_nation,
	l_year
order by
	supp_nation,
	cust_nation,
	l_year;
                                                                                               QUERY PLAN                                                                                               
--------------------------------------------------------------------------------------------------------------------------------------------------------------------------------------------------------
 Sort  (cost=23486591.73..23486599.40 rows=3070 width=64)
   Sort Key: n1.n_name, n2.n_name, (date_part('year'::text, (lineitem.l_shipdate)::timestamp without time zone))
   ->  HashAggregate  (cost=23486367.86..23486413.91 rows=3070 width=64)
         Group Key: n1.n_name, n2.n_name, date_part('year'::text, (lineitem.l_shipdate)::timestamp without time zone)
         ->  Remote Subquery Scan on all (datanode_1_1,datanode_2_1,datanode_3_1,datanode_4_1,datanode_5_1,datanode_6_1,datanode_7_1,datanode_8_1)  (cost=9164320.42..23483732.47 rows=175693 width=64)
               ->  HashAggregate  (cost=9164320.42..23483732.47 rows=3070 width=64)
                     Group Key: n1.n_name, n2.n_name, date_part('year'::text, (lineitem.l_shipdate)::timestamp without time zone)
                     ->  Hash Join  (cost=9164320.42..23483732.47 rows=175693 width=64)
                           Hash Cond: (lineitem.l_orderkey = orders.o_orderkey)
                           Join Filter: (((n1.n_name = 'KENYA'::bpchar) AND (n2.n_name = 'PERU'::bpchar)) OR ((n1.n_name = 'PERU'::bpchar) AND (n2.n_name = 'KENYA'::bpchar)))
                           ->  Hash Join  (cost=3904745.57..18125388.57 rows=14581721 width=42)
                                 Hash Cond: (lineitem.l_suppkey = supplier.s_suppkey)
                                 ->  Bitmap Heap Scan on lineitem  (cost=3867395.17..17258702.80 rows=182271509 width=20)
                                       Recheck Cond: ((l_shipdate >= '1995-01-01'::date) AND (l_shipdate <= '1996-12-31'::date))
                                       ->  Bitmap Index Scan on lineitem_l_shipdate_l_suppkey__idx  (cost=0.00..3821827.29 rows=182271509 width=0)
                                             Index Cond: ((l_shipdate >= '1995-01-01'::date) AND (l_shipdate <= '1996-12-31'::date))
                                 ->  Hash  (cost=36350.40..36350.40 rows=80000 width=30)
                                       ->  Hash Join  (cost=1.40..36350.40 rows=80000 width=30)
                                             Hash Cond: (supplier.s_nationkey = n1.n_nationkey)
                                             ->  Seq Scan on supplier  (cost=0.00..31799.00 rows=1000000 width=8)
                                             ->  Hash  (cost=1.38..1.38 rows=2 width=30)
                                                   ->  Seq Scan on nation n1  (cost=0.00..1.38 rows=2 width=30)
                                                         Filter: ((n_name = 'KENYA'::bpchar) OR (n_name = 'PERU'::bpchar))
                           ->  Hash  (cost=5216146.27..5216146.27 rows=3474287 width=30)
                                 ->  Hash Join  (cost=586018.40..5216146.27 rows=3474287 width=30)
                                       Hash Cond: (orders.o_custkey = customer.c_custkey)
                                       ->  Seq Scan on orders  (cost=0.00..4032885.00 rows=150000000 width=8)
                                       ->  Hash  (cost=571018.40..571018.40 rows=1200000 width=30)
                                             ->  Hash Join  (cost=1.40..571018.40 rows=1200000 width=30)
                                                   Hash Cond: (customer.c_nationkey = n2.n_nationkey)
                                                   ->  Seq Scan on customer  (cost=0.00..502767.00 rows=15000000 width=8)
                                                   ->  Hash  (cost=1.38..1.38 rows=2 width=30)
                                                         ->  Seq Scan on nation n2  (cost=0.00..1.38 rows=2 width=30)
                                                               Filter: ((n_name = 'PERU'::bpchar) OR (n_name = 'KENYA'::bpchar))
(34 rows)

COMMIT;
COMMIT
