BEGIN;
BEGIN
create or replace view revenue5 (supplier_no, total_revenue) as
	select
		l_suppkey,
		sum(l_extendedprice * (1 - l_discount))
	from
		lineitem
	where
		l_shipdate >= '1995-11-01'
		and l_shipdate < date'1995-11-01' + interval '90 days'
	group by
		l_suppkey;
CREATE VIEW
EXPLAIN
select
	s_suppkey,
	s_name,
	s_address,
	s_phone,
	total_revenue
from
	supplier,
	revenue5
where
	s_suppkey = supplier_no
	and total_revenue = (
		select
			max(total_revenue)
		from
			revenue5
	)
order by
	s_suppkey;
                                                                                                        QUERY PLAN                                                                                                         
---------------------------------------------------------------------------------------------------------------------------------------------------------------------------------------------------------------------------
 Remote Subquery Scan on all (datanode_1_1)  (cost=23559862.98..23629803.84 rows=37291 width=79)
   ->  Merge Join  (cost=23559862.98..23629803.84 rows=37291 width=79)
         Merge Cond: (supplier.s_suppkey = revenue5.supplier_no)
         InitPlan 1 (returns $0)
           ->  Aggregate  (cost=11694428.54..11694428.55 rows=1 width=8)
                 ->  HashAggregate  (cost=11693589.49..11693962.40 rows=37291 width=12)
                       Group Key: lineitem_1.l_suppkey
                       ->  Remote Subquery Scan on all (datanode_1_1,datanode_2_1,datanode_3_1,datanode_4_1,datanode_5_1,datanode_6_1,datanode_7_1,datanode_8_1)  (cost=475774.14..11469357.35 rows=22423214 width=12)
                             ->  HashAggregate  (cost=475774.14..11469357.35 rows=37291 width=12)
                                   Group Key: lineitem_1.l_suppkey
                                   ->  Bitmap Heap Scan on lineitem lineitem_1  (cost=475774.14..11469357.35 rows=22423214 width=12)
                                         Recheck Cond: ((l_shipdate >= '1995-11-01'::date) AND (l_shipdate < '1996-01-30 00:00:00'::timestamp without time zone))
                                         ->  Bitmap Index Scan on lineitem_l_shipdate_l_suppkey__idx  (cost=0.00..470168.34 rows=22423214 width=0)
                                               Index Cond: ((l_shipdate >= '1995-11-01'::date) AND (l_shipdate < '1996-01-30 00:00:00'::timestamp without time zone))
         ->  Index Scan using pk_supplier on supplier  (cost=0.17..66881.67 rows=1000000 width=71)
         ->  Sort  (cost=11865434.25..11865527.48 rows=37291 width=12)
               Sort Key: revenue5.supplier_no
               ->  Subquery Scan on revenue5  (cost=11861763.60..11862602.65 rows=37291 width=12)
                     ->  HashAggregate  (cost=11861763.60..11862229.74 rows=37291 width=12)
                           Group Key: lineitem.l_suppkey
                           Filter: (sum((sum((lineitem.l_extendedprice * ('1'::double precision - lineitem.l_discount))))) = $0)
                           ->  Remote Subquery Scan on all (datanode_1_1,datanode_2_1,datanode_3_1,datanode_4_1,datanode_5_1,datanode_6_1,datanode_7_1,datanode_8_1)  (cost=475774.14..11469357.35 rows=22423214 width=12)
                                 ->  HashAggregate  (cost=475774.14..11469357.35 rows=37291 width=12)
                                       Group Key: lineitem.l_suppkey
                                       ->  Bitmap Heap Scan on lineitem  (cost=475774.14..11469357.35 rows=22423214 width=12)
                                             Recheck Cond: ((l_shipdate >= '1995-11-01'::date) AND (l_shipdate < '1996-01-30 00:00:00'::timestamp without time zone))
                                             ->  Bitmap Index Scan on lineitem_l_shipdate_l_suppkey__idx  (cost=0.00..470168.34 rows=22423214 width=0)
                                                   Index Cond: ((l_shipdate >= '1995-11-01'::date) AND (l_shipdate < '1996-01-30 00:00:00'::timestamp without time zone))
(28 rows)

drop view revenue5;
DROP VIEW
COMMIT;
COMMIT
