BEGIN;
BEGIN
create or replace view revenue2 (supplier_no, total_revenue) as
	select
		l_suppkey,
		sum(l_extendedprice * (1 - l_discount))
	from
		lineitem
	where
		l_shipdate >= '1997-10-01'
		and l_shipdate < date'1997-10-01' + interval '90 days'
	group by
		l_suppkey;
CREATE VIEW
EXPLAIN
select
	s_suppkey,
	s_name,
	s_address,
	s_phone,
	total_revenue
from
	supplier,
	revenue2
where
	s_suppkey = supplier_no
	and total_revenue = (
		select
			max(total_revenue)
		from
			revenue2
	)
order by
	s_suppkey;
                                                                                                        QUERY PLAN                                                                                                         
---------------------------------------------------------------------------------------------------------------------------------------------------------------------------------------------------------------------------
 Remote Subquery Scan on all (datanode_7_1)  (cost=23572439.50..23642383.49 rows=37500 width=79)
   ->  Merge Join  (cost=23572439.50..23642383.49 rows=37500 width=79)
         Merge Cond: (supplier.s_suppkey = revenue2.supplier_no)
         InitPlan 1 (returns $0)
           ->  Aggregate  (cost=11700237.07..11700237.08 rows=1 width=8)
                 ->  HashAggregate  (cost=11699393.32..11699768.32 rows=37500 width=12)
                       Group Key: lineitem_1.l_suppkey
                       ->  Remote Subquery Scan on all (datanode_1_1,datanode_2_1,datanode_3_1,datanode_4_1,datanode_5_1,datanode_6_1,datanode_7_1,datanode_8_1)  (cost=478437.67..11473905.06 rows=22548826 width=12)
                             ->  HashAggregate  (cost=478437.67..11473905.06 rows=37500 width=12)
                                   Group Key: lineitem_1.l_suppkey
                                   ->  Bitmap Heap Scan on lineitem lineitem_1  (cost=478437.67..11473905.06 rows=22548826 width=12)
                                         Recheck Cond: ((l_shipdate >= '1997-10-01'::date) AND (l_shipdate < '1997-12-30 00:00:00'::timestamp without time zone))
                                         ->  Bitmap Index Scan on lineitem_l_shipdate_l_suppkey__idx  (cost=0.00..472800.46 rows=22548826 width=0)
                                               Index Cond: ((l_shipdate >= '1997-10-01'::date) AND (l_shipdate < '1997-12-30 00:00:00'::timestamp without time zone))
         ->  Index Scan using pk_supplier on supplier  (cost=0.17..66881.67 rows=1000000 width=71)
         ->  Sort  (cost=11872202.25..11872296.00 rows=37500 width=12)
               Sort Key: revenue2.supplier_no
               ->  Subquery Scan on revenue2  (cost=11868509.51..11869353.26 rows=37500 width=12)
                     ->  HashAggregate  (cost=11868509.51..11868978.26 rows=37500 width=12)
                           Group Key: lineitem.l_suppkey
                           Filter: (sum((sum((lineitem.l_extendedprice * ('1'::double precision - lineitem.l_discount))))) = $0)
                           ->  Remote Subquery Scan on all (datanode_1_1,datanode_2_1,datanode_3_1,datanode_4_1,datanode_5_1,datanode_6_1,datanode_7_1,datanode_8_1)  (cost=478437.67..11473905.06 rows=22548826 width=12)
                                 ->  HashAggregate  (cost=478437.67..11473905.06 rows=37500 width=12)
                                       Group Key: lineitem.l_suppkey
                                       ->  Bitmap Heap Scan on lineitem  (cost=478437.67..11473905.06 rows=22548826 width=12)
                                             Recheck Cond: ((l_shipdate >= '1997-10-01'::date) AND (l_shipdate < '1997-12-30 00:00:00'::timestamp without time zone))
                                             ->  Bitmap Index Scan on lineitem_l_shipdate_l_suppkey__idx  (cost=0.00..472800.46 rows=22548826 width=0)
                                                   Index Cond: ((l_shipdate >= '1997-10-01'::date) AND (l_shipdate < '1997-12-30 00:00:00'::timestamp without time zone))
(28 rows)

drop view revenue2;
DROP VIEW
COMMIT;
COMMIT
