BEGIN;
BEGIN
EXPLAIN
select
	cntrycode,
	count(*) as numcust,
	sum(c_acctbal) as totacctbal
from
	(
		select
			substr(c_phone, 1, 2) as cntrycode,
			c_acctbal
		from
			customer
		where
			substr(c_phone, 1, 2) in
				('26', '24', '19', '33', '29', '32', '28')
			and c_acctbal > (
				select
					avg(c_acctbal)
				from
					customer
				where
					c_acctbal > 0.00
					and substr(c_phone, 1, 2) in
						('26', '24', '19', '33', '29', '32', '28')
			)
			and not exists (
				select
					*
				from
					orders
				where
					o_custkey = c_custkey
			)
	) as vip
group by
	cntrycode
order by
	cntrycode;
                                                                                                         QUERY PLAN                                                                                                          
-----------------------------------------------------------------------------------------------------------------------------------------------------------------------------------------------------------------------------
 GroupAggregate  (cost=6882900.03..7810964.89 rows=1 width=20)
   Group Key: substr((customer.c_phone)::text, 1, 2)
   InitPlan 1 (returns $0)
     ->  Remote Subquery Scan on all (datanode_6_1)  (cost=385357.98..385357.99 rows=1 width=4)
           ->  Aggregate  (cost=385357.98..385357.99 rows=1 width=4)
                 ->  Bitmap Heap Scan on customer customer_1  (cost=124.24..384164.83 rows=477260 width=4)
                       Recheck Cond: ((substr((c_phone)::text, 1, 2) = ANY ('{26,24,19,33,29,32,28}'::text[])) AND (c_acctbal > '0'::double precision))
                       ->  Bitmap Index Scan on customer_c_phone_idx_c_acctbal  (cost=0.00..4.93 rows=477260 width=0)
                             Index Cond: (substr((c_phone)::text, 1, 2) = ANY ('{26,24,19,33,29,32,28}'::text[]))
   ->  Remote Subquery Scan on all (datanode_1_1,datanode_2_1,datanode_3_1,datanode_4_1,datanode_5_1,datanode_6_1,datanode_7_1,datanode_8_1)  (cost=6497542.04..7425606.88 rows=1 width=20)
         ->  GroupAggregate  (cost=6497542.04..7425606.88 rows=1 width=20)
               Group Key: (substr((customer.c_phone)::text, 1, 2))
               ->  Sort  (cost=7425606.89..7425606.89 rows=1 width=20)
                     Sort Key: (substr((customer.c_phone)::text, 1, 2))
                     ->  Hash Anti Join  (cost=6497542.04..7425606.88 rows=1 width=20)
                           Hash Cond: (customer.c_custkey = orders.o_custkey)
                           ->  Remote Subquery Scan on all (datanode_5_1)  (cost=3819.05..309156.37 rows=175000 width=24)
                                 Distribute results by H: c_custkey
                                 ->  Bitmap Heap Scan on customer  (cost=3719.05..303981.37 rows=175000 width=24)
                                       Recheck Cond: ((substr((c_phone)::text, 1, 2) = ANY ('{26,24,19,33,29,32,28}'::text[])) AND (c_acctbal > $0))
                                       ->  Bitmap Index Scan on customer_c_phone_idx  (cost=0.00..3675.30 rows=175000 width=0)
                                             Index Cond: ((substr((c_phone)::text, 1, 2) = ANY ('{26,24,19,33,29,32,28}'::text[])) AND (c_acctbal > $0))
                           ->  Hash  (cost=5382985.00..5382985.00 rows=150000000 width=4)
                                 ->  Remote Subquery Scan on all (datanode_1_1,datanode_2_1,datanode_3_1,datanode_4_1,datanode_5_1,datanode_6_1,datanode_7_1,datanode_8_1)  (cost=100.00..5382985.00 rows=150000000 width=4)
                                       Distribute results by H: o_custkey
                                       ->  Seq Scan on orders  (cost=0.00..4032885.00 rows=150000000 width=4)
(26 rows)

COMMIT;
COMMIT
